[
  [
    "img\\100075.jpg",
    "gt\\100075.png"
  ],
  [
    "img\\100080.jpg",
    "gt\\100080.png"
  ],
  [
    "img\\100098.jpg",
    "gt\\100098.png"
  ],
  [
    "img\\101085.jpg",
    "gt\\101085.png"
  ],
  [
    "img\\101087.jpg",
    "gt\\101087.png"
  ],
  [
    "img\\102061.jpg",
    "gt\\102061.png"
  ],
  [
    "img\\103041.jpg",
    "gt\\103041.png"
  ],
  [
    "img\\103070.jpg",
    "gt\\103070.png"
  ],
  [
    "img\\104022.jpg",
    "gt\\104022.png"
  ],
  [
    "img\\105019.jpg",
    "gt\\105019.png"
  ],
  [
    "img\\105025.jpg",
    "gt\\105025.png"
  ],
  [
    "img\\105053.jpg",
    "gt\\105053.png"
  ],
  [
    "img\\106020.jpg",
    "gt\\106020.png"
  ],
  [
    "img\\106024.jpg",
    "gt\\106024.png"
  ],
  [
    "img\\106025.jpg",
    "gt\\106025.png"
  ],
  [
    "img\\108005.jpg",
    "gt\\108005.png"
  ],
  [
    "img\\108041.jpg",
    "gt\\108041.png"
  ],
  [
    "img\\108070.jpg",
    "gt\\108070.png"
  ],
  [
    "img\\108073.jpg",
    "gt\\108073.png"
  ],
  [
    "img\\108082.jpg",
    "gt\\108082.png"
  ],
  [
    "img\\109034.jpg",
    "gt\\109034.png"
  ],
  [
    "img\\109053.jpg",
    "gt\\109053.png"
  ],
  [
    "img\\112082.jpg",
    "gt\\112082.png"
  ],
  [
    "img\\113009.jpg",
    "gt\\113009.png"
  ],
  [
    "img\\113016.jpg",
    "gt\\113016.png"
  ],
  [
    "img\\113044.jpg",
    "gt\\113044.png"
  ],
  [
    "img\\117054.jpg",
    "gt\\117054.png"
  ],
  [
    "img\\118020.jpg",
    "gt\\118020.png"
  ],
  [
    "img\\118035.jpg",
    "gt\\118035.png"
  ],
  [
    "img\\119082.jpg",
    "gt\\119082.png"
  ],
  [
    "img\\12003.jpg",
    "gt\\12003.png"
  ],
  [
    "img\\12074.jpg",
    "gt\\12074.png"
  ],
  [
    "img\\12084.jpg",
    "gt\\12084.png"
  ],
  [
    "img\\122048.jpg",
    "gt\\122048.png"
  ],
  [
    "img\\123074.jpg",
    "gt\\123074.png"
  ],
  [
    "img\\124084.jpg",
    "gt\\124084.png"
  ],
  [
    "img\\126007.jpg",
    "gt\\126007.png"
  ],
  [
    "img\\126039.jpg",
    "gt\\126039.png"
  ],
  [
    "img\\130026.jpg",
    "gt\\130026.png"
  ],
  [
    "img\\130034.jpg",
    "gt\\130034.png"
  ],
  [
    "img\\134008.jpg",
    "gt\\134008.png"
  ],
  [
    "img\\134035.jpg",
    "gt\\134035.png"
  ],
  [
    "img\\134052.jpg",
    "gt\\134052.png"
  ],
  [
    "img\\135037.jpg",
    "gt\\135037.png"
  ],
  [
    "img\\135069.jpg",
    "gt\\135069.png"
  ],
  [
    "img\\138032.jpg",
    "gt\\138032.png"
  ],
  [
    "img\\138078.jpg",
    "gt\\138078.png"
  ],
  [
    "img\\140055.jpg",
    "gt\\140055.png"
  ],
  [
    "img\\140075.jpg",
    "gt\\140075.png"
  ],
  [
    "img\\14037.jpg",
    "gt\\14037.png"
  ],
  [
    "img\\143090.jpg",
    "gt\\143090.png"
  ],
  [
    "img\\144067.jpg",
    "gt\\144067.png"
  ],
  [
    "img\\145014.jpg",
    "gt\\145014.png"
  ],
  [
    "img\\145053.jpg",
    "gt\\145053.png"
  ],
  [
    "img\\145086.jpg",
    "gt\\145086.png"
  ],
  [
    "img\\147021.jpg",
    "gt\\147021.png"
  ],
  [
    "img\\147062.jpg",
    "gt\\147062.png"
  ],
  [
    "img\\147091.jpg",
    "gt\\147091.png"
  ],
  [
    "img\\148026.jpg",
    "gt\\148026.png"
  ],
  [
    "img\\148089.jpg",
    "gt\\148089.png"
  ],
  [
    "img\\15004.jpg",
    "gt\\15004.png"
  ],
  [
    "img\\15088.jpg",
    "gt\\15088.png"
  ],
  [
    "img\\151087.jpg",
    "gt\\151087.png"
  ],
  [
    "img\\153077.jpg",
    "gt\\153077.png"
  ],
  [
    "img\\153093.jpg",
    "gt\\153093.png"
  ],
  [
    "img\\155060.jpg",
    "gt\\155060.png"
  ],
  [
    "img\\156065.jpg",
    "gt\\156065.png"
  ],
  [
    "img\\156079.jpg",
    "gt\\156079.png"
  ],
  [
    "img\\157036.jpg",
    "gt\\157036.png"
  ],
  [
    "img\\157055.jpg",
    "gt\\157055.png"
  ],
  [
    "img\\159008.jpg",
    "gt\\159008.png"
  ],
  [
    "img\\159029.jpg",
    "gt\\159029.png"
  ],
  [
    "img\\159045.jpg",
    "gt\\159045.png"
  ],
  [
    "img\\159091.jpg",
    "gt\\159091.png"
  ],
  [
    "img\\160068.jpg",
    "gt\\160068.png"
  ],
  [
    "img\\16052.jpg",
    "gt\\16052.png"
  ],
  [
    "img\\16077.jpg",
    "gt\\16077.png"
  ],
  [
    "img\\161062.jpg",
    "gt\\161062.png"
  ],
  [
    "img\\163014.jpg",
    "gt\\163014.png"
  ],
  [
    "img\\163062.jpg",
    "gt\\163062.png"
  ],
  [
    "img\\163085.jpg",
    "gt\\163085.png"
  ],
  [
    "img\\164074.jpg",
    "gt\\164074.png"
  ],
  [
    "img\\166081.jpg",
    "gt\\166081.png"
  ],
  [
    "img\\167062.jpg",
    "gt\\167062.png"
  ],
  [
    "img\\167083.jpg",
    "gt\\167083.png"
  ],
  [
    "img\\169012.jpg",
    "gt\\169012.png"
  ],
  [
    "img\\170054.jpg",
    "gt\\170054.png"
  ],
  [
    "img\\170057.jpg",
    "gt\\170057.png"
  ],
  [
    "img\\172032.jpg",
    "gt\\172032.png"
  ],
  [
    "img\\173036.jpg",
    "gt\\173036.png"
  ],
  [
    "img\\175032.jpg",
    "gt\\175032.png"
  ],
  [
    "img\\175043.jpg",
    "gt\\175043.png"
  ],
  [
    "img\\176019.jpg",
    "gt\\176019.png"
  ],
  [
    "img\\176035.jpg",
    "gt\\176035.png"
  ],
  [
    "img\\176039.jpg",
    "gt\\176039.png"
  ],
  [
    "img\\178054.jpg",
    "gt\\178054.png"
  ],
  [
    "img\\181018.jpg",
    "gt\\181018.png"
  ],
  [
    "img\\181079.jpg",
    "gt\\181079.png"
  ],
  [
    "img\\181091.jpg",
    "gt\\181091.png"
  ],
  [
    "img\\182053.jpg",
    "gt\\182053.png"
  ],
  [
    "img\\183055.jpg",
    "gt\\183055.png"
  ],
  [
    "img\\183087.jpg",
    "gt\\183087.png"
  ],
  [
    "img\\187003.jpg",
    "gt\\187003.png"
  ],
  [
    "img\\187029.jpg",
    "gt\\187029.png"
  ],
  [
    "img\\187039.jpg",
    "gt\\187039.png"
  ],
  [
    "img\\187071.jpg",
    "gt\\187071.png"
  ],
  [
    "img\\187083.jpg",
    "gt\\187083.png"
  ],
  [
    "img\\188005.jpg",
    "gt\\188005.png"
  ],
  [
    "img\\188063.jpg",
    "gt\\188063.png"
  ],
  [
    "img\\188091.jpg",
    "gt\\188091.png"
  ],
  [
    "img\\189003.jpg",
    "gt\\189003.png"
  ],
  [
    "img\\189011.jpg",
    "gt\\189011.png"
  ],
  [
    "img\\189080.jpg",
    "gt\\189080.png"
  ],
  [
    "img\\19021.jpg",
    "gt\\19021.png"
  ],
  [
    "img\\196015.jpg",
    "gt\\196015.png"
  ],
  [
    "img\\196073.jpg",
    "gt\\196073.png"
  ],
  [
    "img\\197017.jpg",
    "gt\\197017.png"
  ],
  [
    "img\\198004.jpg",
    "gt\\198004.png"
  ],
  [
    "img\\198023.jpg",
    "gt\\198023.png"
  ],
  [
    "img\\198054.jpg",
    "gt\\198054.png"
  ],
  [
    "img\\20008.jpg",
    "gt\\20008.png"
  ],
  [
    "img\\202012.jpg",
    "gt\\202012.png"
  ],
  [
    "img\\207056.jpg",
    "gt\\207056.png"
  ],
  [
    "img\\208001.jpg",
    "gt\\208001.png"
  ],
  [
    "img\\209070.jpg",
    "gt\\209070.png"
  ],
  [
    "img\\2092.jpg",
    "gt\\2092.png"
  ],
  [
    "img\\210088.jpg",
    "gt\\210088.png"
  ],
  [
    "img\\21077.jpg",
    "gt\\21077.png"
  ],
  [
    "img\\216041.jpg",
    "gt\\216041.png"
  ],
  [
    "img\\216053.jpg",
    "gt\\216053.png"
  ],
  [
    "img\\216066.jpg",
    "gt\\216066.png"
  ],
  [
    "img\\216081.jpg",
    "gt\\216081.png"
  ],
  [
    "img\\219090.jpg",
    "gt\\219090.png"
  ],
  [
    "img\\220075.jpg",
    "gt\\220075.png"
  ],
  [
    "img\\22013.jpg",
    "gt\\22013.png"
  ],
  [
    "img\\22090.jpg",
    "gt\\22090.png"
  ],
  [
    "img\\22093.jpg",
    "gt\\22093.png"
  ],
  [
    "img\\223061.jpg",
    "gt\\223061.png"
  ],
  [
    "img\\225017.jpg",
    "gt\\225017.png"
  ],
  [
    "img\\227040.jpg",
    "gt\\227040.png"
  ],
  [
    "img\\227046.jpg",
    "gt\\227046.png"
  ],
  [
    "img\\227092.jpg",
    "gt\\227092.png"
  ],
  [
    "img\\229036.jpg",
    "gt\\229036.png"
  ],
  [
    "img\\23025.jpg",
    "gt\\23025.png"
  ],
  [
    "img\\23080.jpg",
    "gt\\23080.png"
  ],
  [
    "img\\23084.jpg",
    "gt\\23084.png"
  ],
  [
    "img\\231015.jpg",
    "gt\\231015.png"
  ],
  [
    "img\\232038.jpg",
    "gt\\232038.png"
  ],
  [
    "img\\236017.jpg",
    "gt\\236017.png"
  ],
  [
    "img\\236037.jpg",
    "gt\\236037.png"
  ],
  [
    "img\\238011.jpg",
    "gt\\238011.png"
  ],
  [
    "img\\239007.jpg",
    "gt\\239007.png"
  ],
  [
    "img\\239096.jpg",
    "gt\\239096.png"
  ],
  [
    "img\\24004.jpg",
    "gt\\24004.png"
  ],
  [
    "img\\24063.jpg",
    "gt\\24063.png"
  ],
  [
    "img\\24077.jpg",
    "gt\\24077.png"
  ],
  [
    "img\\241004.jpg",
    "gt\\241004.png"
  ],
  [
    "img\\241048.jpg",
    "gt\\241048.png"
  ],
  [
    "img\\242078.jpg",
    "gt\\242078.png"
  ],
  [
    "img\\245051.jpg",
    "gt\\245051.png"
  ],
  [
    "img\\246016.jpg",
    "gt\\246016.png"
  ],
  [
    "img\\246053.jpg",
    "gt\\246053.png"
  ],
  [
    "img\\247085.jpg",
    "gt\\247085.png"
  ],
  [
    "img\\249061.jpg",
    "gt\\249061.png"
  ],
  [
    "img\\249087.jpg",
    "gt\\249087.png"
  ],
  [
    "img\\25098.jpg",
    "gt\\25098.png"
  ],
  [
    "img\\253027.jpg",
    "gt\\253027.png"
  ],
  [
    "img\\253036.jpg",
    "gt\\253036.png"
  ],
  [
    "img\\253055.jpg",
    "gt\\253055.png"
  ],
  [
    "img\\254033.jpg",
    "gt\\254033.png"
  ],
  [
    "img\\254054.jpg",
    "gt\\254054.png"
  ],
  [
    "img\\260058.jpg",
    "gt\\260058.png"
  ],
  [
    "img\\260081.jpg",
    "gt\\260081.png"
  ],
  [
    "img\\26031.jpg",
    "gt\\26031.png"
  ],
  [
    "img\\268002.jpg",
    "gt\\268002.png"
  ],
  [
    "img\\27059.jpg",
    "gt\\27059.png"
  ],
  [
    "img\\271008.jpg",
    "gt\\271008.png"
  ],
  [
    "img\\271031.jpg",
    "gt\\271031.png"
  ],
  [
    "img\\271035.jpg",
    "gt\\271035.png"
  ],
  [
    "img\\274007.jpg",
    "gt\\274007.png"
  ],
  [
    "img\\277095.jpg",
    "gt\\277095.png"
  ],
  [
    "img\\28075.jpg",
    "gt\\28075.png"
  ],
  [
    "img\\28096.jpg",
    "gt\\28096.png"
  ],
  [
    "img\\285036.jpg",
    "gt\\285036.png"
  ],
  [
    "img\\285079.jpg",
    "gt\\285079.png"
  ],
  [
    "img\\286092.jpg",
    "gt\\286092.png"
  ],
  [
    "img\\291000.jpg",
    "gt\\291000.png"
  ],
  [
    "img\\292066.jpg",
    "gt\\292066.png"
  ],
  [
    "img\\293029.jpg",
    "gt\\293029.png"
  ],
  [
    "img\\295087.jpg",
    "gt\\295087.png"
  ],
  [
    "img\\296007.jpg",
    "gt\\296007.png"
  ],
  [
    "img\\296059.jpg",
    "gt\\296059.png"
  ],
  [
    "img\\299086.jpg",
    "gt\\299086.png"
  ],
  [
    "img\\299091.jpg",
    "gt\\299091.png"
  ],
  [
    "img\\300091.jpg",
    "gt\\300091.png"
  ],
  [
    "img\\301007.jpg",
    "gt\\301007.png"
  ],
  [
    "img\\302003.jpg",
    "gt\\302003.png"
  ],
  [
    "img\\302008.jpg",
    "gt\\302008.png"
  ],
  [
    "img\\304034.jpg",
    "gt\\304034.png"
  ],
  [
    "img\\304074.jpg",
    "gt\\304074.png"
  ],
  [
    "img\\306005.jpg",
    "gt\\306005.png"
  ],
  [
    "img\\309004.jpg",
    "gt\\309004.png"
  ],
  [
    "img\\3096.jpg",
    "gt\\3096.png"
  ],
  [
    "img\\310007.jpg",
    "gt\\310007.png"
  ],
  [
    "img\\311068.jpg",
    "gt\\311068.png"
  ],
  [
    "img\\311081.jpg",
    "gt\\311081.png"
  ],
  [
    "img\\314016.jpg",
    "gt\\314016.png"
  ],
  [
    "img\\317080.jpg",
    "gt\\317080.png"
  ],
  [
    "img\\323016.jpg",
    "gt\\323016.png"
  ],
  [
    "img\\326038.jpg",
    "gt\\326038.png"
  ],
  [
    "img\\33039.jpg",
    "gt\\33039.png"
  ],
  [
    "img\\33066.jpg",
    "gt\\33066.png"
  ],
  [
    "img\\35008.jpg",
    "gt\\35008.png"
  ],
  [
    "img\\35010.jpg",
    "gt\\35010.png"
  ],
  [
    "img\\35058.jpg",
    "gt\\35058.png"
  ],
  [
    "img\\35070.jpg",
    "gt\\35070.png"
  ],
  [
    "img\\35091.jpg",
    "gt\\35091.png"
  ],
  [
    "img\\351093.jpg",
    "gt\\351093.png"
  ],
  [
    "img\\353013.jpg",
    "gt\\353013.png"
  ],
  [
    "img\\361010.jpg",
    "gt\\361010.png"
  ],
  [
    "img\\361084.jpg",
    "gt\\361084.png"
  ],
  [
    "img\\365025.jpg",
    "gt\\365025.png"
  ],
  [
    "img\\365073.jpg",
    "gt\\365073.png"
  ],
  [
    "img\\368016.jpg",
    "gt\\368016.png"
  ],
  [
    "img\\368078.jpg",
    "gt\\368078.png"
  ],
  [
    "img\\370036.jpg",
    "gt\\370036.png"
  ],
  [
    "img\\37073.jpg",
    "gt\\37073.png"
  ],
  [
    "img\\372047.jpg",
    "gt\\372047.png"
  ],
  [
    "img\\374020.jpg",
    "gt\\374020.png"
  ],
  [
    "img\\374067.jpg",
    "gt\\374067.png"
  ],
  [
    "img\\376001.jpg",
    "gt\\376001.png"
  ],
  [
    "img\\376020.jpg",
    "gt\\376020.png"
  ],
  [
    "img\\376043.jpg",
    "gt\\376043.png"
  ],
  [
    "img\\38082.jpg",
    "gt\\38082.png"
  ],
  [
    "img\\38092.jpg",
    "gt\\38092.png"
  ],
  [
    "img\\385028.jpg",
    "gt\\385028.png"
  ],
  [
    "img\\385039.jpg",
    "gt\\385039.png"
  ],
  [
    "img\\388016.jpg",
    "gt\\388016.png"
  ],
  [
    "img\\41004.jpg",
    "gt\\41004.png"
  ],
  [
    "img\\41025.jpg",
    "gt\\41025.png"
  ],
  [
    "img\\41033.jpg",
    "gt\\41033.png"
  ],
  [
    "img\\41069.jpg",
    "gt\\41069.png"
  ],
  [
    "img\\42012.jpg",
    "gt\\42012.png"
  ],
  [
    "img\\42044.jpg",
    "gt\\42044.png"
  ],
  [
    "img\\42049.jpg",
    "gt\\42049.png"
  ],
  [
    "img\\42078.jpg",
    "gt\\42078.png"
  ],
  [
    "img\\43070.jpg",
    "gt\\43070.png"
  ],
  [
    "img\\43074.jpg",
    "gt\\43074.png"
  ],
  [
    "img\\43083.jpg",
    "gt\\43083.png"
  ],
  [
    "img\\45077.jpg",
    "gt\\45077.png"
  ],
  [
    "img\\45096.jpg",
    "gt\\45096.png"
  ],
  [
    "img\\46076.jpg",
    "gt\\46076.png"
  ],
  [
    "img\\48055.jpg",
    "gt\\48055.png"
  ],
  [
    "img\\54005.jpg",
    "gt\\54005.png"
  ],
  [
    "img\\54082.jpg",
    "gt\\54082.png"
  ],
  [
    "img\\55067.jpg",
    "gt\\55067.png"
  ],
  [
    "img\\55073.jpg",
    "gt\\55073.png"
  ],
  [
    "img\\55075.jpg",
    "gt\\55075.png"
  ],
  [
    "img\\56028.jpg",
    "gt\\56028.png"
  ],
  [
    "img\\58060.jpg",
    "gt\\58060.png"
  ],
  [
    "img\\59078.jpg",
    "gt\\59078.png"
  ],
  [
    "img\\60079.jpg",
    "gt\\60079.png"
  ],
  [
    "img\\61060.jpg",
    "gt\\61060.png"
  ],
  [
    "img\\61086.jpg",
    "gt\\61086.png"
  ],
  [
    "img\\62096.jpg",
    "gt\\62096.png"
  ],
  [
    "img\\65010.jpg",
    "gt\\65010.png"
  ],
  [
    "img\\65019.jpg",
    "gt\\65019.png"
  ],
  [
    "img\\65033.jpg",
    "gt\\65033.png"
  ],
  [
    "img\\65074.jpg",
    "gt\\65074.png"
  ],
  [
    "img\\65132.jpg",
    "gt\\65132.png"
  ],
  [
    "img\\66039.jpg",
    "gt\\66039.png"
  ],
  [
    "img\\66053.jpg",
    "gt\\66053.png"
  ],
  [
    "img\\66075.jpg",
    "gt\\66075.png"
  ],
  [
    "img\\67079.jpg",
    "gt\\67079.png"
  ],
  [
    "img\\68077.jpg",
    "gt\\68077.png"
  ],
  [
    "img\\69015.jpg",
    "gt\\69015.png"
  ],
  [
    "img\\69020.jpg",
    "gt\\69020.png"
  ],
  [
    "img\\69040.jpg",
    "gt\\69040.png"
  ],
  [
    "img\\71046.jpg",
    "gt\\71046.png"
  ],
  [
    "img\\76002.jpg",
    "gt\\76002.png"
  ],
  [
    "img\\76053.jpg",
    "gt\\76053.png"
  ],
  [
    "img\\78004.jpg",
    "gt\\78004.png"
  ],
  [
    "img\\78019.jpg",
    "gt\\78019.png"
  ],
  [
    "img\\80099.jpg",
    "gt\\80099.png"
  ],
  [
    "img\\8023.jpg",
    "gt\\8023.png"
  ],
  [
    "img\\8049.jpg",
    "gt\\8049.png"
  ],
  [
    "img\\8143.jpg",
    "gt\\8143.png"
  ],
  [
    "img\\85048.jpg",
    "gt\\85048.png"
  ],
  [
    "img\\86000.jpg",
    "gt\\86000.png"
  ],
  [
    "img\\86016.jpg",
    "gt\\86016.png"
  ],
  [
    "img\\86068.jpg",
    "gt\\86068.png"
  ],
  [
    "img\\87046.jpg",
    "gt\\87046.png"
  ],
  [
    "img\\87065.jpg",
    "gt\\87065.png"
  ],
  [
    "img\\89072.jpg",
    "gt\\89072.png"
  ],
  [
    "img\\90076.jpg",
    "gt\\90076.png"
  ],
  [
    "img\\92059.jpg",
    "gt\\92059.png"
  ],
  [
    "img\\94079.jpg",
    "gt\\94079.png"
  ],
  [
    "img\\95006.jpg",
    "gt\\95006.png"
  ],
  [
    "img\\97017.jpg",
    "gt\\97017.png"
  ],
  [
    "img\\97033.jpg",
    "gt\\97033.png"
  ],
  [
    "img\\RGB_001.jpg",
    "gt\\RGB_001.png"
  ],
  [
    "img\\RGB_002.jpg",
    "gt\\RGB_002.png"
  ],
  [
    "img\\RGB_003.jpg",
    "gt\\RGB_003.png"
  ],
  [
    "img\\RGB_004.jpg",
    "gt\\RGB_004.png"
  ],
  [
    "img\\RGB_005.jpg",
    "gt\\RGB_005.png"
  ],
  [
    "img\\RGB_006.jpg",
    "gt\\RGB_006.png"
  ],
  [
    "img\\RGB_007.jpg",
    "gt\\RGB_007.png"
  ],
  [
    "img\\RGB_009.jpg",
    "gt\\RGB_009.png"
  ],
  [
    "img\\RGB_011.jpg",
    "gt\\RGB_011.png"
  ],
  [
    "img\\RGB_012.jpg",
    "gt\\RGB_012.png"
  ],
  [
    "img\\RGB_013.jpg",
    "gt\\RGB_013.png"
  ],
  [
    "img\\RGB_014.jpg",
    "gt\\RGB_014.png"
  ],
  [
    "img\\RGB_015.jpg",
    "gt\\RGB_015.png"
  ],
  [
    "img\\RGB_016.jpg",
    "gt\\RGB_016.png"
  ],
  [
    "img\\RGB_018.jpg",
    "gt\\RGB_018.png"
  ],
  [
    "img\\RGB_019.jpg",
    "gt\\RGB_019.png"
  ],
  [
    "img\\RGB_020.jpg",
    "gt\\RGB_020.png"
  ],
  [
    "img\\RGB_021.jpg",
    "gt\\RGB_021.png"
  ],
  [
    "img\\RGB_022.jpg",
    "gt\\RGB_022.png"
  ],
  [
    "img\\RGB_023.jpg",
    "gt\\RGB_023.png"
  ],
  [
    "img\\RGB_024.jpg",
    "gt\\RGB_024.png"
  ],
  [
    "img\\RGB_026.jpg",
    "gt\\RGB_026.png"
  ],
  [
    "img\\RGB_027.jpg",
    "gt\\RGB_027.png"
  ],
  [
    "img\\RGB_028.jpg",
    "gt\\RGB_028.png"
  ],
  [
    "img\\RGB_030.jpg",
    "gt\\RGB_030.png"
  ],
  [
    "img\\RGB_031.jpg",
    "gt\\RGB_031.png"
  ],
  [
    "img\\RGB_032.jpg",
    "gt\\RGB_032.png"
  ],
  [
    "img\\RGB_034.jpg",
    "gt\\RGB_034.png"
  ],
  [
    "img\\RGB_036.jpg",
    "gt\\RGB_036.png"
  ],
  [
    "img\\RGB_037.jpg",
    "gt\\RGB_037.png"
  ],
  [
    "img\\RGB_038.jpg",
    "gt\\RGB_038.png"
  ],
  [
    "img\\RGB_040.jpg",
    "gt\\RGB_040.png"
  ],
  [
    "img\\RGB_041.jpg",
    "gt\\RGB_041.png"
  ],
  [
    "img\\RGB_043.jpg",
    "gt\\RGB_043.png"
  ],
  [
    "img\\RGB_044.jpg",
    "gt\\RGB_044.png"
  ],
  [
    "img\\RGB_045.jpg",
    "gt\\RGB_045.png"
  ],
  [
    "img\\RGB_046.jpg",
    "gt\\RGB_046.png"
  ],
  [
    "img\\RGB_047.jpg",
    "gt\\RGB_047.png"
  ],
  [
    "img\\RGB_048.jpg",
    "gt\\RGB_048.png"
  ],
  [
    "img\\RGB_049.jpg",
    "gt\\RGB_049.png"
  ],
  [
    "img\\RGB_050.jpg",
    "gt\\RGB_050.png"
  ],
  [
    "img\\RGB_051.jpg",
    "gt\\RGB_051.png"
  ],
  [
    "img\\RGB_053.jpg",
    "gt\\RGB_053.png"
  ],
  [
    "img\\RGB_054.jpg",
    "gt\\RGB_054.png"
  ],
  [
    "img\\RGB_055.jpg",
    "gt\\RGB_055.png"
  ],
  [
    "img\\RGB_058.jpg",
    "gt\\RGB_058.png"
  ],
  [
    "img\\RGB_060.jpg",
    "gt\\RGB_060.png"
  ],
  [
    "img\\RGB_061.jpg",
    "gt\\RGB_061.png"
  ],
  [
    "img\\RGB_062.jpg",
    "gt\\RGB_062.png"
  ],
  [
    "img\\RGB_063.jpg",
    "gt\\RGB_063.png"
  ],
  [
    "img\\RGB_064.jpg",
    "gt\\RGB_064.png"
  ],
  [
    "img\\RGB_065.jpg",
    "gt\\RGB_065.png"
  ],
  [
    "img\\RGB_068.jpg",
    "gt\\RGB_068.png"
  ],
  [
    "img\\RGB_069.jpg",
    "gt\\RGB_069.png"
  ],
  [
    "img\\RGB_072.jpg",
    "gt\\RGB_072.png"
  ],
  [
    "img\\RGB_073.jpg",
    "gt\\RGB_073.png"
  ],
  [
    "img\\RGB_074.jpg",
    "gt\\RGB_074.png"
  ],
  [
    "img\\RGB_076.jpg",
    "gt\\RGB_076.png"
  ],
  [
    "img\\RGB_077.jpg",
    "gt\\RGB_077.png"
  ],
  [
    "img\\RGB_078.jpg",
    "gt\\RGB_078.png"
  ],
  [
    "img\\RGB_079.jpg",
    "gt\\RGB_079.png"
  ],
  [
    "img\\RGB_080.jpg",
    "gt\\RGB_080.png"
  ],
  [
    "img\\RGB_082.jpg",
    "gt\\RGB_082.png"
  ],
  [
    "img\\RGB_084.jpg",
    "gt\\RGB_084.png"
  ],
  [
    "img\\RGB_085.jpg",
    "gt\\RGB_085.png"
  ],
  [
    "img\\RGB_086.jpg",
    "gt\\RGB_086.png"
  ],
  [
    "img\\RGB_087.jpg",
    "gt\\RGB_087.png"
  ],
  [
    "img\\RGB_088.jpg",
    "gt\\RGB_088.png"
  ],
  [
    "img\\RGB_089.jpg",
    "gt\\RGB_089.png"
  ],
  [
    "img\\RGB_091.jpg",
    "gt\\RGB_091.png"
  ],
  [
    "img\\RGB_093.jpg",
    "gt\\RGB_093.png"
  ],
  [
    "img\\RGB_095.jpg",
    "gt\\RGB_095.png"
  ],
  [
    "img\\RGB_096.jpg",
    "gt\\RGB_096.png"
  ],
  [
    "img\\RGB_097.jpg",
    "gt\\RGB_097.png"
  ],
  [
    "img\\RGB_099.jpg",
    "gt\\RGB_099.png"
  ],
  [
    "img\\RGB_100.jpg",
    "gt\\RGB_100.png"
  ],
  [
    "img\\RGB_101.jpg",
    "gt\\RGB_101.png"
  ],
  [
    "img\\RGB_103.jpg",
    "gt\\RGB_103.png"
  ],
  [
    "img\\RGB_104.jpg",
    "gt\\RGB_104.png"
  ],
  [
    "img\\RGB_105.jpg",
    "gt\\RGB_105.png"
  ],
  [
    "img\\RGB_106.jpg",
    "gt\\RGB_106.png"
  ],
  [
    "img\\RGB_108.jpg",
    "gt\\RGB_108.png"
  ],
  [
    "img\\RGB_109.jpg",
    "gt\\RGB_109.png"
  ],
  [
    "img\\RGB_110.jpg",
    "gt\\RGB_110.png"
  ],
  [
    "img\\RGB_112.jpg",
    "gt\\RGB_112.png"
  ],
  [
    "img\\RGB_113.jpg",
    "gt\\RGB_113.png"
  ],
  [
    "img\\RGB_114.jpg",
    "gt\\RGB_114.png"
  ],
  [
    "img\\RGB_115.jpg",
    "gt\\RGB_115.png"
  ],
  [
    "img\\RGB_116.jpg",
    "gt\\RGB_116.png"
  ],
  [
    "img\\RGB_117.jpg",
    "gt\\RGB_117.png"
  ],
  [
    "img\\RGB_118.jpg",
    "gt\\RGB_118.png"
  ],
  [
    "img\\RGB_119.jpg",
    "gt\\RGB_119.png"
  ],
  [
    "img\\RGB_121.jpg",
    "gt\\RGB_121.png"
  ],
  [
    "img\\RGB_122.jpg",
    "gt\\RGB_122.png"
  ],
  [
    "img\\RGB_123.jpg",
    "gt\\RGB_123.png"
  ],
  [
    "img\\RGB_126.jpg",
    "gt\\RGB_126.png"
  ],
  [
    "img\\RGB_127.jpg",
    "gt\\RGB_127.png"
  ],
  [
    "img\\RGB_128.jpg",
    "gt\\RGB_128.png"
  ],
  [
    "img\\RGB_129.jpg",
    "gt\\RGB_129.png"
  ],
  [
    "img\\RGB_130.jpg",
    "gt\\RGB_130.png"
  ],
  [
    "img\\RGB_131.jpg",
    "gt\\RGB_131.png"
  ],
  [
    "img\\RGB_134.jpg",
    "gt\\RGB_134.png"
  ],
  [
    "img\\RGB_135.jpg",
    "gt\\RGB_135.png"
  ],
  [
    "img\\RGB_136.jpg",
    "gt\\RGB_136.png"
  ],
  [
    "img\\RGB_137.jpg",
    "gt\\RGB_137.png"
  ],
  [
    "img\\RGB_140.jpg",
    "gt\\RGB_140.png"
  ],
  [
    "img\\RGB_142.jpg",
    "gt\\RGB_142.png"
  ],
  [
    "img\\RGB_143.jpg",
    "gt\\RGB_143.png"
  ],
  [
    "img\\RGB_144.jpg",
    "gt\\RGB_144.png"
  ],
  [
    "img\\RGB_146.jpg",
    "gt\\RGB_146.png"
  ],
  [
    "img\\RGB_147.jpg",
    "gt\\RGB_147.png"
  ],
  [
    "img\\RGB_148.jpg",
    "gt\\RGB_148.png"
  ],
  [
    "img\\RGB_149.jpg",
    "gt\\RGB_149.png"
  ],
  [
    "img\\RGB_151.jpg",
    "gt\\RGB_151.png"
  ],
  [
    "img\\RGB_152.jpg",
    "gt\\RGB_152.png"
  ],
  [
    "img\\RGB_153.jpg",
    "gt\\RGB_153.png"
  ],
  [
    "img\\RGB_154.jpg",
    "gt\\RGB_154.png"
  ],
  [
    "img\\RGB_155.jpg",
    "gt\\RGB_155.png"
  ],
  [
    "img\\RGB_156.jpg",
    "gt\\RGB_156.png"
  ],
  [
    "img\\RGB_157.jpg",
    "gt\\RGB_157.png"
  ],
  [
    "img\\RGB_158.jpg",
    "gt\\RGB_158.png"
  ],
  [
    "img\\RGB_159.jpg",
    "gt\\RGB_159.png"
  ],
  [
    "img\\RGB_161.jpg",
    "gt\\RGB_161.png"
  ],
  [
    "img\\RGB_162.jpg",
    "gt\\RGB_162.png"
  ],
  [
    "img\\RGB_163.jpg",
    "gt\\RGB_163.png"
  ],
  [
    "img\\RGB_164.jpg",
    "gt\\RGB_164.png"
  ],
  [
    "img\\RGB_165.jpg",
    "gt\\RGB_165.png"
  ],
  [
    "img\\RGB_166.jpg",
    "gt\\RGB_166.png"
  ],
  [
    "img\\RGB_167.jpg",
    "gt\\RGB_167.png"
  ],
  [
    "img\\RGB_168.jpg",
    "gt\\RGB_168.png"
  ],
  [
    "img\\RGB_169.jpg",
    "gt\\RGB_169.png"
  ],
  [
    "img\\RGB_171.jpg",
    "gt\\RGB_171.png"
  ],
  [
    "img\\RGB_172.jpg",
    "gt\\RGB_172.png"
  ],
  [
    "img\\RGB_173.jpg",
    "gt\\RGB_173.png"
  ],
  [
    "img\\RGB_174.jpg",
    "gt\\RGB_174.png"
  ],
  [
    "img\\RGB_175.jpg",
    "gt\\RGB_175.png"
  ],
  [
    "img\\RGB_176.jpg",
    "gt\\RGB_176.png"
  ],
  [
    "img\\RGB_177.jpg",
    "gt\\RGB_177.png"
  ],
  [
    "img\\RGB_178.jpg",
    "gt\\RGB_178.png"
  ],
  [
    "img\\RGB_179.jpg",
    "gt\\RGB_179.png"
  ],
  [
    "img\\RGB_180.jpg",
    "gt\\RGB_180.png"
  ],
  [
    "img\\RGB_183.jpg",
    "gt\\RGB_183.png"
  ],
  [
    "img\\RGB_184.jpg",
    "gt\\RGB_184.png"
  ],
  [
    "img\\RGB_185.jpg",
    "gt\\RGB_185.png"
  ],
  [
    "img\\RGB_186.jpg",
    "gt\\RGB_186.png"
  ],
  [
    "img\\RGB_187.jpg",
    "gt\\RGB_187.png"
  ],
  [
    "img\\RGB_188.jpg",
    "gt\\RGB_188.png"
  ],
  [
    "img\\RGB_191.jpg",
    "gt\\RGB_191.png"
  ],
  [
    "img\\RGB_193.jpg",
    "gt\\RGB_193.png"
  ],
  [
    "img\\RGB_194.jpg",
    "gt\\RGB_194.png"
  ],
  [
    "img\\RGB_195.jpg",
    "gt\\RGB_195.png"
  ],
  [
    "img\\RGB_196.jpg",
    "gt\\RGB_196.png"
  ],
  [
    "img\\RGB_197.jpg",
    "gt\\RGB_197.png"
  ],
  [
    "img\\RGB_198.jpg",
    "gt\\RGB_198.png"
  ],
  [
    "img\\RGB_199.jpg",
    "gt\\RGB_199.png"
  ],
  [
    "img\\RGB_200.jpg",
    "gt\\RGB_200.png"
  ],
  [
    "img\\RGB_201.jpg",
    "gt\\RGB_201.png"
  ],
  [
    "img\\RGB_202.jpg",
    "gt\\RGB_202.png"
  ],
  [
    "img\\RGB_203.jpg",
    "gt\\RGB_203.png"
  ],
  [
    "img\\RGB_204.jpg",
    "gt\\RGB_204.png"
  ],
  [
    "img\\RGB_205.jpg",
    "gt\\RGB_205.png"
  ],
  [
    "img\\RGB_207.jpg",
    "gt\\RGB_207.png"
  ],
  [
    "img\\RGB_208.jpg",
    "gt\\RGB_208.png"
  ],
  [
    "img\\RGB_209.jpg",
    "gt\\RGB_209.png"
  ],
  [
    "img\\RGB_210.jpg",
    "gt\\RGB_210.png"
  ],
  [
    "img\\RGB_211.jpg",
    "gt\\RGB_211.png"
  ],
  [
    "img\\RGB_213.jpg",
    "gt\\RGB_213.png"
  ],
  [
    "img\\RGB_216.jpg",
    "gt\\RGB_216.png"
  ],
  [
    "img\\RGB_217.jpg",
    "gt\\RGB_217.png"
  ],
  [
    "img\\RGB_218.jpg",
    "gt\\RGB_218.png"
  ],
  [
    "img\\RGB_219.jpg",
    "gt\\RGB_219.png"
  ],
  [
    "img\\RGB_220.jpg",
    "gt\\RGB_220.png"
  ],
  [
    "img\\RGB_221.jpg",
    "gt\\RGB_221.png"
  ],
  [
    "img\\RGB_222.jpg",
    "gt\\RGB_222.png"
  ],
  [
    "img\\RGB_223.jpg",
    "gt\\RGB_223.png"
  ],
  [
    "img\\RGB_224.jpg",
    "gt\\RGB_224.png"
  ],
  [
    "img\\RGB_225.jpg",
    "gt\\RGB_225.png"
  ],
  [
    "img\\RGB_227.jpg",
    "gt\\RGB_227.png"
  ],
  [
    "img\\RGB_229.jpg",
    "gt\\RGB_229.png"
  ],
  [
    "img\\RGB_230.jpg",
    "gt\\RGB_230.png"
  ],
  [
    "img\\RGB_231.jpg",
    "gt\\RGB_231.png"
  ],
  [
    "img\\RGB_233.jpg",
    "gt\\RGB_233.png"
  ],
  [
    "img\\RGB_235.jpg",
    "gt\\RGB_235.png"
  ],
  [
    "img\\RGB_236.jpg",
    "gt\\RGB_236.png"
  ],
  [
    "img\\RGB_238.jpg",
    "gt\\RGB_238.png"
  ],
  [
    "img\\RGB_239.jpg",
    "gt\\RGB_239.png"
  ],
  [
    "img\\RGB_240.jpg",
    "gt\\RGB_240.png"
  ],
  [
    "img\\RGB_241.jpg",
    "gt\\RGB_241.png"
  ],
  [
    "img\\RGB_242.jpg",
    "gt\\RGB_242.png"
  ],
  [
    "img\\RGB_244.jpg",
    "gt\\RGB_244.png"
  ],
  [
    "img\\RGB_245.jpg",
    "gt\\RGB_245.png"
  ],
  [
    "img\\RGB_246.jpg",
    "gt\\RGB_246.png"
  ],
  [
    "img\\RGB_249.jpg",
    "gt\\RGB_249.png"
  ],
  [
    "img\\RGB_250.jpg",
    "gt\\RGB_250.png"
  ],
  [
    "img\\RGB_251.jpg",
    "gt\\RGB_251.png"
  ],
  [
    "img\\RGB_252.jpg",
    "gt\\RGB_252.png"
  ],
  [
    "img\\RGB_255.jpg",
    "gt\\RGB_255.png"
  ],
  [
    "img\\RGB_256.jpg",
    "gt\\RGB_256.png"
  ],
  [
    "img\\RGB_257.jpg",
    "gt\\RGB_257.png"
  ],
  [
    "img\\RGB_258.jpg",
    "gt\\RGB_258.png"
  ]
]